[2015.12.11-02.58.18:079][  0]Log file open, 12/10/15 19:58:18
[2015.12.11-02.58.18:079][  0]LogInit:Display: Running engine for game: Demo
[2015.12.11-02.58.18:079][  0]LogPlatformFile: Not using cached read wrapper
[2015.12.11-02.58.18:079][  0]LogInit:Display: RandInit(2027989762) SRandInit(2027989766).
[2015.12.11-02.58.18:079][  0]LogTaskGraph: Started task graph with 4 named threads and 7 total threads.
[2015.12.11-02.58.18:079][  0]LogStats: Stats thread started at 4.650569
[2015.12.11-02.58.18:079][  0]LogInit: Version: 4.10.1-2791327+++depot+UE4-Releases+4.10
[2015.12.11-02.58.18:079][  0]LogInit: API Version: 2758231
[2015.12.11-02.58.18:079][  0]LogInit: Compiled (64-bit): Dec  4 2015 19:44:40
[2015.12.11-02.58.18:079][  0]LogInit: Compiled with Visual C++: 19.00.23026.00
[2015.12.11-02.58.18:079][  0]LogInit: Build Configuration: Development
[2015.12.11-02.58.18:079][  0]LogInit: Branch Name: ++depot+UE4-Releases+4.10
[2015.12.11-02.58.18:079][  0]LogInit: Command line:  
[2015.12.11-02.58.18:079][  0]LogInit: Base directory: C:/Program Files/Epic Games/4.10/Engine/Binaries/Win64/
[2015.12.11-02.58.18:079][  0]LogInit: Rocket: 1
[2015.12.11-02.58.18:348][  0]LogInit: Using libcurl 7.41.0
[2015.12.11-02.58.18:348][  0]LogInit:  - built for x86_64-pc-win32
[2015.12.11-02.58.18:348][  0]LogInit:  - supports SSL with WinSSL
[2015.12.11-02.58.18:348][  0]LogInit:  - other features:
[2015.12.11-02.58.18:348][  0]LogInit:      CURL_VERSION_SSL
[2015.12.11-02.58.18:348][  0]LogInit:      CURL_VERSION_IPV6
[2015.12.11-02.58.18:348][  0]LogInit:      CURL_VERSION_ASYNCHDNS
[2015.12.11-02.58.18:348][  0]LogInit:      CURL_VERSION_LARGEFILE
[2015.12.11-02.58.18:348][  0]LogInit:      CURL_VERSION_IDN
[2015.12.11-02.58.18:350][  0]LogInit:  CurlRequestOptions (configurable via config and command line):
[2015.12.11-02.58.18:350][  0]LogInit:  - bVerifyPeer = true  - Libcurl will verify peer certificate
[2015.12.11-02.58.18:350][  0]LogInit:  - bUseHttpProxy = false  - Libcurl will NOT use HTTP proxy
[2015.12.11-02.58.18:350][  0]LogInit:  - bDontReuseConnections = false  - Libcurl will reuse connections
[2015.12.11-02.58.18:350][  0]LogInit:  - CertBundlePath = nullptr  - Libcurl will use whatever was configured at build time.
[2015.12.11-02.58.18:492][  0]LogInit: Presizing for 0 objects not considered by GC, pre-allocating 0 bytes.
[2015.12.11-02.58.18:760][  0]LogInit: Object subsystem initialized
[2015.12.11-02.58.18:970][  0]LogInit: Selected Device Profile: [Windows]
[2015.12.11-02.58.18:970][  0]LogInit: Applying CVar settings loaded from the selected device profile: [Windows]
[2015.12.11-02.58.19:123][  0]LogInit: Computer: CLOUD9
[2015.12.11-02.58.19:123][  0]LogInit: User: Matthew
[2015.12.11-02.58.19:123][  0]LogInit: CPU Page size=4096, Cores=4
[2015.12.11-02.58.19:123][  0]LogInit: High frequency timer resolution =2.338345 MHz
[2015.12.11-02.58.19:123][  0]LogMemory: Memory total: Physical=7.9GB (8GB approx)
[2015.12.11-02.58.19:123][  0]LogMemory: Platform Memory Stats for Windows
[2015.12.11-02.58.19:123][  0]LogMemory: Process Physical Memory: 56.52 MB used, 56.52 MB peak
[2015.12.11-02.58.19:123][  0]LogMemory: Process Virtual Memory: 58.55 MB used, 58.55 MB peak
[2015.12.11-02.58.19:123][  0]LogMemory: Physical Memory: 3808.25 MB used, 8075.18 MB total
[2015.12.11-02.58.19:123][  0]LogMemory: Virtual Memory: 368.06 MB used, 134217728.00 MB total
[2015.12.11-02.58.20:957][  0]LogTextLocalizationManager: No specific translations for ('en-US') exist, so ('en') translations will be used.
[2015.12.11-02.58.23:472][  0]LogD3D11RHI: Found D3D11 adapter 0: Intel(R) HD Graphics 4600 (Feature Level 11_0)
[2015.12.11-02.58.23:472][  0]LogD3D11RHI: Adapter has 32MB of dedicated video memory, 0MB of dedicated system memory, and 1760MB of shared system memory, 1 output[s]
[2015.12.11-02.58.23:540][  0]LogD3D11RHI: Found D3D11 adapter 1: NVIDIA GeForce GT 750M (Feature Level 11_0)
[2015.12.11-02.58.23:540][  0]LogD3D11RHI: Adapter has 1988MB of dedicated video memory, 0MB of dedicated system memory, and 2048MB of shared system memory, 0 output[s]
[2015.12.11-02.58.23:545][  0]LogD3D11RHI: Found D3D11 adapter 2: Microsoft Basic Render Driver (Feature Level 11_0)
[2015.12.11-02.58.23:545][  0]LogD3D11RHI: Adapter has 0MB of dedicated video memory, 0MB of dedicated system memory, and 256MB of shared system memory, 0 output[s]
[2015.12.11-02.58.23:545][  0]LogD3D11RHI: Chosen D3D11 Adapter Id = 0
[2015.12.11-02.58.23:601][  0]LogD3D11RHI: !Direct3DDevice
[2015.12.11-02.58.23:601][  0]LogRHI: Texture pool is 1361 MB (70% of 1945 MB)
[2015.12.11-02.58.23:664][  0]LogD3D11RHI: Async texture creation enabled
[2015.12.11-02.58.24:205][  0]LogShaderCompilers: Guid format shader working directory is -13 characters bigger than the processId version (../../../../../../Users/Matthew/Documents/GitHub/DecJam/Demo/Intermediate/Shaders/WorkingDirectory/17416/).
[2015.12.11-02.58.24:206][  0]LogShaderCompilers: Cleaned the shader compiler working directory 'C:/Users/Matthew/AppData/Local/Temp/UnrealShaderWorkingDir/0649BC2C435687953628E4A6AC66736F/'.
[2015.12.11-02.58.24:217][  0]LogShaderCompilers:Display: Using Local Shader Compiler.
[2015.12.11-02.58.33:495][  0]LogTemp:Display: Loaded TP AllDesktopTargetPlatform
[2015.12.11-02.58.33:526][  0]LogTemp:Display: Loaded TP WindowsClientTargetPlatform
[2015.12.11-02.58.33:553][  0]LogTemp:Display: Loaded TP WindowsNoEditorTargetPlatform
[2015.12.11-02.58.33:580][  0]LogTemp:Display: Loaded TP WindowsServerTargetPlatform
[2015.12.11-02.58.33:609][  0]LogTemp:Display: Loaded TP WindowsTargetPlatform
[2015.12.11-02.58.33:640][  0]LogTemp:Display: Loaded TP AndroidTargetPlatform
[2015.12.11-02.58.33:671][  0]LogTemp:Display: Loaded TP Android_ASTCTargetPlatform
[2015.12.11-02.58.33:698][  0]LogTemp:Display: Loaded TP Android_ATCTargetPlatform
[2015.12.11-02.58.33:730][  0]LogTemp:Display: Loaded TP Android_DXTTargetPlatform
[2015.12.11-02.58.33:771][  0]LogTemp:Display: Loaded TP Android_ETC1TargetPlatform
[2015.12.11-02.58.33:804][  0]LogTemp:Display: Loaded TP Android_ETC2TargetPlatform
[2015.12.11-02.58.33:871][  0]LogTemp:Display: Loaded TP Android_MultiTargetPlatform
[2015.12.11-02.58.33:871][  0]LogTemp:Display: Loaded TP Android_PVRTCTargetPlatform
[2015.12.11-02.58.33:889][  0]LogTemp:Display: Loaded TP HTML5TargetPlatform
[2015.12.11-02.58.34:011][  0]LogTemp:Display: Loaded TP IOSTargetPlatform
[2015.12.11-02.58.34:046][  0]LogTemp:Display: Loaded TP LinuxNoEditorTargetPlatform
[2015.12.11-02.58.34:074][  0]LogTemp:Display: Loaded TP LinuxServerTargetPlatform
[2015.12.11-02.58.34:143][  0]LogTemp:Display: Loaded TP LinuxTargetPlatform
[2015.12.11-02.58.34:143][  0]LogTargetPlatformManager:Display: Building Assets For Windows
[2015.12.11-02.58.35:157][  0]LogDerivedDataCache:Display: Max Cache Size: 512 MB
[2015.12.11-02.58.35:923][  0]LogDerivedDataCache: Loaded boot cache 0.75s 44MB C:/Users/Matthew/AppData/Local/UnrealEngine/4.10/DerivedDataCache/Boot.ddc.
[2015.12.11-02.58.35:923][  0]LogDerivedDataCache:Display: Loaded Boot cache: C:/Users/Matthew/AppData/Local/UnrealEngine/4.10/DerivedDataCache/Boot.ddc
[2015.12.11-02.58.35:924][  0]LogDerivedDataCache: FDerivedDataBackendGraph:  Pak pak cache file ../../../../../../Users/Matthew/Documents/GitHub/DecJam/Demo/DerivedDataCache/DDC.ddp not found, will not use a pak cache.
[2015.12.11-02.58.35:924][  0]LogDerivedDataCache: Unable to find inner node Pak for hierarchical cache Hierarchy.
[2015.12.11-02.58.35:924][  0]LogDerivedDataCache: FDerivedDataBackendGraph:  CompressedPak pak cache file ../../../../../../Users/Matthew/Documents/GitHub/DecJam/Demo/DerivedDataCache/Compressed.ddp not found, will not use a pak cache.
[2015.12.11-02.58.35:924][  0]LogDerivedDataCache: Unable to find inner node CompressedPak for hierarchical cache Hierarchy.
[2015.12.11-02.58.36:210][  0]LogDerivedDataCache:Display: Pak cache opened for reading ../../../Engine/DerivedDataCache/Compressed.ddp.
[2015.12.11-02.58.36:250][  0]LogDerivedDataCache: Using Local data cache path C:/Users/Matthew/AppData/Local/UnrealEngine/Common/DerivedDataCache: Writable
[2015.12.11-02.58.44:853][  0]LogInit: Selected Device Profile: [Windows]
[2015.12.11-02.58.44:966][  0]LogContentStreaming: Texture pool size is 0.000000MB
[2015.12.11-02.58.46:917][  0]LogMeshUtilities: No automatic mesh reduction module available
[2015.12.11-02.58.46:917][  0]LogMeshUtilities: No automatic mesh merging module available
[2015.12.11-02.58.51:539][  0]LogInit: WinSock: version 1.1 (2.2), MaxSocks=32767, MaxUdp=65467
[2015.12.11-02.59.30:320][  0]LogAssetRegistry: FAssetRegistry took 0.0149 seconds to start up
[2015.12.11-02.59.30:554][  0]UdpMessaging: Initializing bridge on interface 0.0.0.0:0 to multicast group 230.0.0.1:6666.
[2015.12.11-02.59.36:233][  0]SourceControl: Info Source control is disabled
[2015.12.11-02.59.36:248][  0]SourceControl: Info Source control is disabled
[2015.12.11-02.59.36:455][  0]SourceControl: Info Source control is disabled
[2015.12.11-02.59.36:573][  0]SourceControl: Info Source control is disabled
[2015.12.11-02.59.39:974][  0]LogObj: 28802 objects as part of root set at end of initial load.
[2015.12.11-02.59.39:974][  0]LogUObjectAllocator: 6129768 out of 0 bytes used by permanent object pool.
[2015.12.11-02.59.40:921][  0]LogEngine: Initializing Engine...
[2015.12.11-02.59.40:963][  0]LogHMD: Can't find Oculus library dev build: is proper Runtime installed? Version: 0.8.0.0
[2015.12.11-02.59.41:057][  0]LogHMD: SteamVR failed to initialize.  Err: 110
[2015.12.11-02.59.42:483][  0]LogAIModule: Creating AISystem for world NewWorld
[2015.12.11-02.59.42:755][  0]LogInit: XAudio2 using 'Speakers (Realtek High Definition Audio)' : 2 channels at 48 kHz using 32 bits per sample (channel mask 0x3)
[2015.12.11-02.59.42:808][  0]LogInit: FAudioDevice initialized.
[2015.12.11-02.59.42:890][  0]LogDerivedDataCache: Saved boot cache 0.08s 44MB C:/Users/Matthew/AppData/Local/UnrealEngine/4.10/DerivedDataCache/Boot.ddc.
[2015.12.11-02.59.43:006][  0]LogInit: Texture streaming: Enabled
[2015.12.11-02.59.43:380][  0]LogAnalytics: Creating configured Analytics provider AnalyticsET
[2015.12.11-02.59.43:381][  0]LogAnalytics: [UEEditor.Rocket.Release] APIServer = http://et2.epicgames.com/ET2/. AppVersion = 4.10.1-2791327+++depot+UE4-Releases+4.10
[2015.12.11-02.59.43:382][  0]LogAnalytics: [UEEditor.Rocket.Release] SetUserId b00729ee43123bf567b6779f83a7fe31|62291b1299124bb987eb3840dc21af0e|10dca3ff-59a3-463a-a188-a74ae374cfa5
[2015.12.11-02.59.43:449][  0]LogAnalytics: [UEEditor.Rocket.Release] AnalyticsET::StartSession
[2015.12.11-02.59.43:825][  0]LogWindowsTextInputMethodSystem:Display: IME system now deactivated.
[2015.12.11-02.59.43:825][  0]LogWindowsTextInputMethodSystem:Display: IME system now deactivated.
[2015.12.11-02.59.44:553][  0]LogInit: Transaction tracking system initialized
[2015.12.11-02.59.45:018][  0]BlueprintLog: New page: Editor Load
[2015.12.11-02.59.47:967][  0]LocalizationService: Info Localization service is disabled
[2015.12.11-02.59.49:495][  0]LogConsoleResponse:Display: 
[2015.12.11-02.59.52:082][  0]LogFileCache: Scanning file cache for directory 'C:/Users/Matthew/Documents/GitHub/DecJam/Demo/Content/' took 0.02s
[2015.12.11-02.59.52:082][  0]LogCook:Display: Done creating registry. It took  0.00s.
[2015.12.11-02.59.54:692][  0]SourceControl: Info Source control is disabled
[2015.12.11-02.59.54:763][  0]Cmd: MAP LOAD FILE="../../../../../../Users/Matthew/Documents/GitHub/DecJam/Demo/Content/SideScrollerBP/Maps/SideScrollerExampleMap.umap" TEMPLATE=0 SHOWPROGRESS=1 FEATURELEVEL=3
[2015.12.11-02.59.54:774][  0]LightingResults: New page: Lighting Build
[2015.12.11-02.59.55:012][  0]MapCheck: New page: Map Check
[2015.12.11-02.59.55:012][  0]LightingResults: New page: Lighting Build
[2015.12.11-02.59.55:457][  0]LogParticles: Destroying 0 GPU particle simulations for FXSystem 0x00000071753BFB00
[2015.12.11-02.59.59:897][  0]LogAIModule: Creating AISystem for world SideScrollerExampleMap
[2015.12.11-03.00.01:517][  0]LogEditorServer: Finished looking for orphan Actors (0.000 secs)
[2015.12.11-03.00.01:559][  0]Cmd: MAP CHECKDEP NOCLEARLOG
[2015.12.11-03.00.01:866][  0]MapCheck: Info Map check complete: 0 Error(s), 0 Warning(s), took 307.086ms to complete.
[2015.12.11-03.00.01:866][  0]LogFileHelpers: Loading map 'SideScrollerExampleMap' took 7.139
[2015.12.11-03.00.03:759][  0]LogCollectionManager: Loaded 0 collections in 0.008182 seconds
[2015.12.11-03.00.04:162][  0]LogFileCache: Scanning file cache for directory 'C:/Users/Matthew/Documents/GitHub/DecJam/Demo/Saved/Collections/' took 0.01s
[2015.12.11-03.00.04:162][  0]LogFileCache: Scanning file cache for directory 'C:/Users/Matthew/Documents/GitHub/DecJam/Demo/Content/Developers/Matthew/Collections/' took 0.01s
[2015.12.11-03.00.04:162][  0]LogFileCache: Scanning file cache for directory 'C:/Users/Matthew/Documents/GitHub/DecJam/Demo/Content/Collections/' took 0.01s
[2015.12.11-03.00.04:162][  0]LogCollectionManager: Rebuilt the GUID cache for 0 collections in 0.000005 seconds
[2015.12.11-03.00.04:290][  0]LogContentBrowser: Native class hierarchy populated in 0.0728 seconds. Added 1908 classes and 344 folders.
[2015.12.11-03.00.04:998][  0]LogContentBrowser: Native class hierarchy updated for 'WidgetCarousel' in 0.0017 seconds. Added 0 classes and 0 folders.
[2015.12.11-03.00.08:332][  0]LogContentBrowser: Native class hierarchy updated for 'AddContentDialog' in 0.0017 seconds. Added 0 classes and 0 folders.
[2015.12.11-03.00.08:405][  0]LogContentBrowser: Native class hierarchy updated for 'SceneOutliner' in 0.0019 seconds. Added 1 classes and 2 folders.
[2015.12.11-03.00.10:122][  0]LogCrashTracker: Crashtracker disabled due to settings.
[2015.12.11-03.00.10:387][  0]LogUObjectGlobals:Warning: Failed to find object 'Class None.'
[2015.12.11-03.00.10:467][  0]LogLoad: Full Startup: 121.59 seconds (BP compile: 1.63 seconds)
[2015.12.11-03.00.10:569][  0]LogOcInput: Can't find Oculus library dev build: is proper Runtime installed? Version: 0.8.0.0
[2015.12.11-03.00.11:299][  0]LogContentStreaming: Texture pool size now 1000 MB
[2015.12.11-03.00.12:362][  0]LogRenderer: Reallocating scene render targets to support 1040x456 (Frame:2).
[2015.12.11-03.00.14:117][ 10]LogAssetRegistry: Asset discovery search completed in 43.8101 seconds
[2015.12.11-03.00.14:184][ 10]LogCollectionManager: Rebuilt the object cache for 0 collections in 0.000001 seconds (found 0 objects)
[2015.12.11-03.00.14:184][ 10]LogCollectionManager: Fixed up redirectors for 0 collections in 0.000117 seconds (updated 0 objects)
[2015.12.11-03.05.04:389][498]LogFactory: FactoryCreateBinary: StaticMesh with FbxFactory (0 0 D:\GameDev\DecJam\TempModels\Bat.fbx)
[2015.12.11-03.05.04:749][498]LogFbx: ItemName: GlobalSettings, ItemCount : 1
[2015.12.11-03.05.05:130][498]LogFbx: Loading FBX Scene from D:\GameDev\DecJam\TempModels\Bat.fbx
[2015.12.11-03.05.05:484][498]LogFbx: FBX Scene Loaded Succesfully
[2015.12.11-03.05.08:860][498]LogAssetTools:Warning: Failed to import 'D:\GameDev\DecJam\TempModels\Bat.fbx'. Failed to create asset '/Game/SideScrollerBP/Matts/TempModels/Bat'
[2015.12.11-03.05.08:893][498]LogFactory: FactoryCreateBinary: StaticMesh with FbxFactory (0 0 D:\GameDev\DecJam\TempModels\E_Mummy.fbx)
[2015.12.11-03.05.08:941][498]LogFbx: ItemName: GlobalSettings, ItemCount : 1
[2015.12.11-03.05.09:213][498]LogFbx: Loading FBX Scene from D:\GameDev\DecJam\TempModels\E_Mummy.fbx
[2015.12.11-03.05.09:503][498]LogFbx: FBX Scene Loaded Succesfully
[2015.12.11-03.05.10:618][498]LogAssetTools:Warning: Failed to import 'D:\GameDev\DecJam\TempModels\E_Mummy.fbx'. Failed to create asset '/Game/SideScrollerBP/Matts/TempModels/E_Mummy'
[2015.12.11-03.05.10:626][498]LogFactory: FactoryCreateBinary: StaticMesh with FbxFactory (0 0 D:\GameDev\DecJam\TempModels\Player.fbx)
[2015.12.11-03.05.10:676][498]LogFbx: ItemName: GlobalSettings, ItemCount : 1
[2015.12.11-03.05.10:950][498]LogFbx: Loading FBX Scene from D:\GameDev\DecJam\TempModels\Player.fbx
[2015.12.11-03.05.11:237][498]LogFbx: FBX Scene Loaded Succesfully
[2015.12.11-03.05.11:960][498]LogAssetTools:Warning: Failed to import 'D:\GameDev\DecJam\TempModels\Player.fbx'. Failed to create asset '/Game/SideScrollerBP/Matts/TempModels/Player'
[2015.12.11-03.05.11:966][498]LogFactory: FactoryCreateBinary: StaticMesh with FbxFactory (0 0 D:\GameDev\DecJam\TempModels\Scarab.fbx)
[2015.12.11-03.05.12:018][498]LogFbx: ItemName: GlobalSettings, ItemCount : 1
[2015.12.11-03.05.12:296][498]LogFbx: Loading FBX Scene from D:\GameDev\DecJam\TempModels\Scarab.fbx
[2015.12.11-03.05.12:589][498]LogFbx: FBX Scene Loaded Succesfully
[2015.12.11-03.05.13:256][498]LogAssetTools:Warning: Failed to import 'D:\GameDev\DecJam\TempModels\Scarab.fbx'. Failed to create asset '/Game/SideScrollerBP/Matts/TempModels/Scarab'
[2015.12.11-03.05.13:261][498]LogFactory: FactoryCreateBinary: StaticMesh with FbxFactory (0 0 D:\GameDev\DecJam\TempModels\Snake.fbx)
[2015.12.11-03.05.13:313][498]LogFbx: ItemName: GlobalSettings, ItemCount : 1
[2015.12.11-03.05.13:313][498]LogFbx: ItemName: Geometry, ItemCount : 1
[2015.12.11-03.05.13:313][498]LogFbx: ItemName: Model, ItemCount : 1
[2015.12.11-03.05.13:588][498]LogFbx: Loading FBX Scene from D:\GameDev\DecJam\TempModels\Snake.fbx
[2015.12.11-03.05.14:065][498]LogFbx: FBX Scene Loaded Succesfully
[2015.12.11-03.05.27:123][498]LogFbx: Loading FBX Scene from D:\GameDev\DecJam\TempModels\Snake.fbx
[2015.12.11-03.05.27:430][498]LogFbx: FBX Scene Loaded Succesfully
[2015.12.11-03.05.27:614][498]LogFbx:Warning: Triangulating static mesh Snake
[2015.12.11-03.05.28:254][498]LogStaticMesh: Building static mesh Snake...
[2015.12.11-03.05.28:301][498]LogStaticMesh: Built static mesh [0.074078.2s] /Game/SideScrollerBP/Matts/TempModels/Snake.Snake
[2015.12.11-03.05.28:344][498]LogStaticMesh:Warning: Snake has degenerate tangent bases which will result in incorrect shading. 
[2015.12.11-03.05.28:397][498]FBXImport:Warning: Warning Snake has degenerate tangent bases which will result in incorrect shading.  
[2015.12.11-03.05.28:514][498]LogFactory: FactoryCreateBinary: StaticMesh with FbxFactory (0 0 D:\GameDev\DecJam\TempModels\Anubis.fbx)
[2015.12.11-03.05.33:138][498]LogFbx: Loading FBX Scene from D:\GameDev\DecJam\TempModels\Anubis.fbx
[2015.12.11-03.05.33:427][498]LogFbx: FBX Scene Loaded Succesfully
[2015.12.11-03.05.33:533][498]FBXImport:Error: Error Import failed. 
[2015.12.11-03.05.36:062][498]LogAssetTools:Warning: Failed to import 'D:\GameDev\DecJam\TempModels\Anubis.fbx'. Failed to create asset '/Game/SideScrollerBP/Matts/TempModels/Anubis'
[2015.12.11-03.07.05:634][869]LogFactory: FactoryCreateBinary: StaticMesh with FbxFactory (0 0 D:\GameDev\DecJam\TempModels\E_Mummy.fbx)
[2015.12.11-03.07.05:670][869]LogFbx: ItemName: GlobalSettings, ItemCount : 1
[2015.12.11-03.07.05:670][869]LogFbx: ItemName: Geometry, ItemCount : 1
[2015.12.11-03.07.05:670][869]LogFbx: ItemName: Model, ItemCount : 1
[2015.12.11-03.07.05:943][869]LogFbx: Loading FBX Scene from D:\GameDev\DecJam\TempModels\E_Mummy.fbx
[2015.12.11-03.07.06:247][869]LogFbx: FBX Scene Loaded Succesfully
[2015.12.11-03.07.08:776][869]LogFbx: Loading FBX Scene from D:\GameDev\DecJam\TempModels\E_Mummy.fbx
[2015.12.11-03.07.09:082][869]LogFbx: FBX Scene Loaded Succesfully
[2015.12.11-03.07.09:185][869]LogFbx:Warning: Triangulating static mesh E_mummy
[2015.12.11-03.07.09:386][869]LogStaticMesh: Building static mesh E_Mummy...
[2015.12.11-03.07.09:393][869]LogStaticMesh: Built static mesh [0.080102.2s] /Game/SideScrollerBP/Matts/TempModels/E_Mummy.E_Mummy
[2015.12.11-03.07.09:541][869]LogFactory: FactoryCreateBinary: StaticMesh with FbxFactory (0 0 D:\GameDev\DecJam\TempModels\Player.fbx)
[2015.12.11-03.07.09:841][869]LogFbx: Loading FBX Scene from D:\GameDev\DecJam\TempModels\Player.fbx
[2015.12.11-03.07.10:147][869]LogFbx: FBX Scene Loaded Succesfully
[2015.12.11-03.07.10:250][869]LogFbx:Warning: Triangulating static mesh Player
[2015.12.11-03.07.10:483][869]LogStaticMesh: Building static mesh Player...
[2015.12.11-03.07.10:496][869]LogStaticMesh: Built static mesh [0.013827.2s] /Game/SideScrollerBP/Matts/TempModels/Player.Player
[2015.12.11-03.07.10:671][869]LogFactory: FactoryCreateBinary: StaticMesh with FbxFactory (0 0 D:\GameDev\DecJam\TempModels\Scarab.fbx)
[2015.12.11-03.07.10:976][869]LogFbx: Loading FBX Scene from D:\GameDev\DecJam\TempModels\Scarab.fbx
[2015.12.11-03.07.11:283][869]LogFbx: FBX Scene Loaded Succesfully
[2015.12.11-03.07.11:387][869]LogFbx:Warning: Triangulating static mesh Scarab
[2015.12.11-03.07.11:862][869]LogStaticMesh: Building static mesh Scarab...
[2015.12.11-03.07.11:888][869]LogStaticMesh: Built static mesh [0.067765.2s] /Game/SideScrollerBP/Matts/TempModels/Scarab.Scarab
[2015.12.11-03.07.12:108][869]LogFactory: FactoryCreateBinary: StaticMesh with FbxFactory (0 0 D:\GameDev\DecJam\TempModels\Anubis.fbx)
[2015.12.11-03.07.12:413][869]LogFbx: Loading FBX Scene from D:\GameDev\DecJam\TempModels\Anubis.fbx
[2015.12.11-03.07.12:721][869]LogFbx: FBX Scene Loaded Succesfully
[2015.12.11-03.07.12:825][869]LogFbx:Warning: Triangulating static mesh Anubis
[2015.12.11-03.07.12:909][869]LogStaticMesh: Building static mesh Anubis...
[2015.12.11-03.07.12:911][869]LogStaticMesh: Built static mesh [0.055727.2s] /Game/SideScrollerBP/Matts/TempModels/Anubis.Anubis
[2015.12.11-03.07.13:019][869]LogFactory: FactoryCreateBinary: StaticMesh with FbxFactory (0 0 D:\GameDev\DecJam\TempModels\Bat.fbx)
[2015.12.11-03.07.13:331][869]LogFbx: Loading FBX Scene from D:\GameDev\DecJam\TempModels\Bat.fbx
[2015.12.11-03.07.13:688][869]LogFbx: FBX Scene Loaded Succesfully
[2015.12.11-03.07.13:791][869]LogFbx:Warning: Triangulating static mesh Bat
[2015.12.11-03.07.13:941][869]LogStaticMesh: Building static mesh Bat...
[2015.12.11-03.07.13:949][869]LogStaticMesh: Built static mesh [0.029325.2s] /Game/SideScrollerBP/Matts/TempModels/Bat.Bat
[2015.12.11-03.07.14:002][869]LogStaticMesh:Warning: Bat has degenerate tangent bases which will result in incorrect shading. 
[2015.12.11-03.07.14:043][869]FBXImport:Warning: Warning Bat has degenerate tangent bases which will result in incorrect shading.  
[2015.12.11-03.08.43:647][362]Cmd: OBJ SAVEPACKAGE PACKAGE="/Game/SideScrollerBP/Matts/TempModels/Bat" FILE="../../../../../../Users/Matthew/Documents/GitHub/DecJam/Demo/Content/SideScrollerBP/Matts/TempModels/Bat.uasset" SILENT=true
[2015.12.11-03.08.43:751][362]LogSavePackage: Save=74.978668ms
[2015.12.11-03.08.43:751][362]LogSavePackage: Moving '../../../../../../Users/Matthew/Documents/GitHub/DecJam/Demo/Saved/BatA4BC7044403E234B91E08A826610FDDB.tmp' to '../../../../../../Users/Matthew/Documents/GitHub/DecJam/Demo/Content/SideScrollerBP/Matts/TempModels/Bat.uasset'
[2015.12.11-03.08.43:775][362]LogSavePackage: Total save time: 121.757057ms
[2015.12.11-03.08.43:775][362]LogSavePackage:Display: Finished SavePackage ../../../../../../Users/Matthew/Documents/GitHub/DecJam/Demo/Content/SideScrollerBP/Matts/TempModels/Bat.uasset
[2015.12.11-03.08.43:903][362]LogSavePackage: Save=40.349049ms
[2015.12.11-03.08.43:903][362]LogSavePackage: Moving '../../../../../../Users/Matthew/Documents/GitHub/DecJam/Demo/Saved/E_Mummy4553C8F54E8D3BB7968814ACD14974F3.tmp' to '../../../../../../Users/Matthew/Documents/GitHub/DecJam/Demo/Content/SideScrollerBP/Matts/TempModels/E_Mummy.uasset'
[2015.12.11-03.08.43:923][362]LogSavePackage: Total save time: 61.519578ms
[2015.12.11-03.08.43:923][362]LogSavePackage:Display: Finished SavePackage ../../../../../../Users/Matthew/Documents/GitHub/DecJam/Demo/Content/SideScrollerBP/Matts/TempModels/E_Mummy.uasset
[2015.12.11-03.08.44:058][362]LogSavePackage: Save=42.386387ms
[2015.12.11-03.08.44:058][362]LogSavePackage: Moving '../../../../../../Users/Matthew/Documents/GitHub/DecJam/Demo/Saved/Player6ED9CE71427774A196EC73BCEAD4D850.tmp' to '../../../../../../Users/Matthew/Documents/GitHub/DecJam/Demo/Content/SideScrollerBP/Matts/TempModels/Player.uasset'
[2015.12.11-03.08.44:079][362]LogSavePackage: Total save time: 64.630326ms
[2015.12.11-03.08.44:079][362]LogSavePackage:Display: Finished SavePackage ../../../../../../Users/Matthew/Documents/GitHub/DecJam/Demo/Content/SideScrollerBP/Matts/TempModels/Player.uasset
[2015.12.11-03.08.44:208][362]LogSavePackage: Save=41.506706ms
[2015.12.11-03.08.44:208][362]LogSavePackage: Moving '../../../../../../Users/Matthew/Documents/GitHub/DecJam/Demo/Saved/Scarab87BB3D6242EE16956BACE99AD48EDF74.tmp' to '../../../../../../Users/Matthew/Documents/GitHub/DecJam/Demo/Content/SideScrollerBP/Matts/TempModels/Scarab.uasset'
[2015.12.11-03.08.44:229][362]LogSavePackage: Total save time: 64.003389ms
[2015.12.11-03.08.44:229][362]LogSavePackage:Display: Finished SavePackage ../../../../../../Users/Matthew/Documents/GitHub/DecJam/Demo/Content/SideScrollerBP/Matts/TempModels/Scarab.uasset
[2015.12.11-03.08.44:357][362]LogSavePackage: Save=41.064941ms
[2015.12.11-03.08.44:357][362]LogSavePackage: Moving '../../../../../../Users/Matthew/Documents/GitHub/DecJam/Demo/Saved/SnakeB60D19BD45E214404F7CC3AD7AAD02EA.tmp' to '../../../../../../Users/Matthew/Documents/GitHub/DecJam/Demo/Content/SideScrollerBP/Matts/TempModels/Snake.uasset'
[2015.12.11-03.08.44:374][362]LogSavePackage: Total save time: 59.111893ms
[2015.12.11-03.08.44:374][362]LogSavePackage:Display: Finished SavePackage ../../../../../../Users/Matthew/Documents/GitHub/DecJam/Demo/Content/SideScrollerBP/Matts/TempModels/Snake.uasset
[2015.12.11-03.08.44:508][362]LogSavePackage: Save=40.993095ms
[2015.12.11-03.08.44:508][362]LogSavePackage: Moving '../../../../../../Users/Matthew/Documents/GitHub/DecJam/Demo/Saved/AnubisC4CE24DA4009317D2C5A5EAD48C81B39.tmp' to '../../../../../../Users/Matthew/Documents/GitHub/DecJam/Demo/Content/SideScrollerBP/Matts/TempModels/Anubis.uasset'
[2015.12.11-03.08.44:525][362]LogSavePackage: Total save time: 59.620369ms
[2015.12.11-03.08.44:525][362]LogSavePackage:Display: Finished SavePackage ../../../../../../Users/Matthew/Documents/GitHub/DecJam/Demo/Content/SideScrollerBP/Matts/TempModels/Anubis.uasset
[2015.12.11-03.08.46:210][401]LogWindowsTextInputMethodSystem:Display: IME system now deactivated.
[2015.12.11-03.08.46:211][401]LogWindowsTextInputMethodSystem:Display: IME system now deactivated.
[2015.12.11-03.08.46:851][402]Cmd: QUIT_EDITOR
[2015.12.11-03.08.47:504][402]LogExit: Preparing to exit.
[2015.12.11-03.08.48:345][402]LogExit: Editor shut down
[2015.12.11-03.08.48:346][402]LogExit: Transaction tracking system shut down
[2015.12.11-03.08.48:387][402]LogParticles: Destroying 0 GPU particle simulations for FXSystem 0x0000007164545440
[2015.12.11-03.08.48:388][402]LogParticles: Destroying 0 GPU particle simulations for FXSystem 0x00000071030FBB00
[2015.12.11-03.08.48:388][402]LogParticles: Destroying 0 GPU particle simulations for FXSystem 0x0000007106587B00
[2015.12.11-03.08.49:255][402]LogExit: Object subsystem successfully closed.
[2015.12.11-03.08.49:350][402]LogD3D11RHI: Shutdown
[2015.12.11-03.08.49:350][402]LogD3D11RHI: CleanupD3DDevice
[2015.12.11-03.08.49:574][402]LogD3D11RHI: ~FD3D11DynamicRHI
[2015.12.11-03.08.49:950][402]LogModuleManager: Shutting down and abandoning module CookingStats (201)
[2015.12.11-03.08.49:950][402]LogModuleManager: Shutting down and abandoning module CrashTracker (200)
[2015.12.11-03.08.49:950][402]LogModuleManager: Shutting down and abandoning module SceneOutliner (199)
[2015.12.11-03.08.49:950][402]LogModuleManager: Shutting down and abandoning module SuperSearch (198)
[2015.12.11-03.08.49:950][402]LogModuleManager: Shutting down and abandoning module WidgetCarousel (197)
[2015.12.11-03.08.49:950][402]LogModuleManager: Shutting down and abandoning module AddContentDialog (196)
[2015.12.11-03.08.49:952][402]LogModuleManager: Shutting down and abandoning module EditorWidgets (195)
[2015.12.11-03.08.49:952][402]LogModuleManager: Shutting down and abandoning module CollectionManager (194)
[2015.12.11-03.08.49:953][402]LogModuleManager: Shutting down and abandoning module StatsViewer (193)
[2015.12.11-03.08.49:953][402]LogModuleManager: Shutting down and abandoning module FoliageEdit (192)
[2015.12.11-03.08.49:953][402]LogModuleManager: Shutting down and abandoning module LandscapeEditor (191)
[2015.12.11-03.08.49:976][402]LogModuleManager: Shutting down and abandoning module ActorPickerMode (190)
[2015.12.11-03.08.49:977][402]LogModuleManager: Shutting down and abandoning module GeometryMode (189)
[2015.12.11-03.08.49:977][402]LogModuleManager: Shutting down and abandoning module TextureAlignMode (188)
[2015.12.11-03.08.49:977][402]LogModuleManager: Shutting down and abandoning module BspMode (187)
[2015.12.11-03.08.49:977][402]LogModuleManager: Shutting down and abandoning module PlacementMode (186)
[2015.12.11-03.08.49:977][402]LogModuleManager: Shutting down and abandoning module AutomationWorker (185)
[2015.12.11-03.08.49:977][402]LogModuleManager: Shutting down and abandoning module CharacterAI (184)
[2015.12.11-03.08.49:977][402]LogModuleManager: Shutting down and abandoning module SmartSnapping (183)
[2015.12.11-03.08.49:977][402]LogModuleManager: Shutting down and abandoning module ViewportSnapping (182)
[2015.12.11-03.08.49:977][402]LogModuleManager: Shutting down and abandoning module LogVisualizer (181)
[2015.12.11-03.08.49:978][402]LogModuleManager: Shutting down and abandoning module GameProjectGeneration (180)
[2015.12.11-03.08.49:989][402]LogModuleManager: Shutting down and abandoning module IntroTutorials (179)
[2015.12.11-03.08.49:989][402]LogModuleManager: Shutting down and abandoning module EditorLiveStreaming (178)
[2015.12.11-03.08.49:989][402]LogModuleManager: Shutting down and abandoning module IOSPlatformEditor (177)
[2015.12.11-03.08.49:989][402]LogModuleManager: Shutting down and abandoning module HTML5PlatformEditor (176)
[2015.12.11-03.08.49:989][402]LogModuleManager: Shutting down and abandoning module AndroidDeviceDetection (175)
[2015.12.11-03.08.50:914][402]LogModuleManager: Shutting down and abandoning module AndroidPlatformEditor (174)
[2015.12.11-03.08.50:914][402]LogModuleManager: Shutting down and abandoning module IOSRuntimeSettings (173)
[2015.12.11-03.08.50:914][402]LogModuleManager: Shutting down and abandoning module AndroidRuntimeSettings (172)
[2015.12.11-03.08.50:914][402]LogModuleManager: Shutting down and abandoning module MergeActors (171)
[2015.12.11-03.08.50:914][402]LogModuleManager: Shutting down and abandoning module SizeMap (170)
[2015.12.11-03.08.50:914][402]LogModuleManager: Shutting down and abandoning module TreeMap (169)
[2015.12.11-03.08.50:914][402]LogModuleManager: Shutting down and abandoning module ReferenceViewer (168)
[2015.12.11-03.08.50:914][402]LogModuleManager: Shutting down and abandoning module LocalizationService (167)
[2015.12.11-03.08.50:914][402]LogModuleManager: Shutting down and abandoning module LocalizationDashboard (166)
[2015.12.11-03.08.50:959][402]LogModuleManager: Shutting down and abandoning module HardwareTargeting (165)
[2015.12.11-03.08.50:959][402]LogModuleManager: Shutting down and abandoning module DeviceProfileEditor (164)
[2015.12.11-03.08.50:959][402]LogModuleManager: Shutting down and abandoning module UndoHistory (163)
[2015.12.11-03.08.50:959][402]LogModuleManager: Shutting down and abandoning module GameplayTagsEditor (162)
[2015.12.11-03.08.50:959][402]LogModuleManager: Shutting down and abandoning module UserFeedback (161)
[2015.12.11-03.08.50:959][402]LogModuleManager: Shutting down and abandoning module XmlParser (160)
[2015.12.11-03.08.50:959][402]LogModuleManager: Shutting down and abandoning module Blutility (159)
[2015.12.11-03.08.50:959][402]LogModuleManager: Shutting down and abandoning module ProjectTargetPlatformEditor (158)
[2015.12.11-03.08.50:960][402]LogModuleManager: Shutting down and abandoning module ProjectSettingsViewer (157)
[2015.12.11-03.08.50:960][402]LogModuleManager: Shutting down and abandoning module InputBindingEditor (156)
[2015.12.11-03.08.50:976][402]LogModuleManager: Shutting down and abandoning module EditorSettingsViewer (155)
[2015.12.11-03.08.50:976][402]LogModuleManager: Shutting down and abandoning module SettingsEditor (154)
[2015.12.11-03.08.50:976][402]LogModuleManager: Shutting down and abandoning module ProjectLauncher (153)
[2015.12.11-03.08.51:005][402]LogModuleManager: Shutting down and abandoning module SessionFrontend (152)
[2015.12.11-03.08.51:005][402]LogModuleManager: Shutting down and abandoning module ProfilerClient (151)
[2015.12.11-03.08.51:016][402]LogModuleManager: Shutting down and abandoning module TargetDeviceServices (150)
[2015.12.11-03.08.51:016][402]LogModuleManager: Shutting down and abandoning module DeviceManager (149)
[2015.12.11-03.08.51:017][402]LogModuleManager: Shutting down and abandoning module AutomationController (148)
[2015.12.11-03.08.51:017][402]LogModuleManager: Shutting down and abandoning module AutomationWindow (147)
[2015.12.11-03.08.51:027][402]LogModuleManager: Shutting down and abandoning module Layers (146)
[2015.12.11-03.08.51:044][402]LogModuleManager: Shutting down and abandoning module ComponentVisualizers (145)
[2015.12.11-03.08.51:044][402]LogModuleManager: Shutting down and abandoning module DetailCustomizations (144)
[2015.12.11-03.08.51:044][402]LogModuleManager: Shutting down and abandoning module PackagesDialog (143)
[2015.12.11-03.08.51:044][402]LogModuleManager: Shutting down and abandoning module Persona (142)
[2015.12.11-03.08.51:070][402]LogModuleManager: Shutting down and abandoning module Kismet (141)
[2015.12.11-03.08.51:070][402]LogModuleManager: Shutting down and abandoning module GraphEditor (140)
[2015.12.11-03.08.51:103][402]LogModuleManager: Shutting down and abandoning module ClassViewer (139)
[2015.12.11-03.08.51:103][402]LogModuleManager: Shutting down and abandoning module Toolbox (138)
[2015.12.11-03.08.51:103][402]LogModuleManager: Shutting down and abandoning module ModuleUI (137)
[2015.12.11-03.08.51:115][402]LogModuleManager: Shutting down and abandoning module MovieSceneTools (136)
[2015.12.11-03.08.51:115][402]LogModuleManager: Shutting down and abandoning module OutputLog (135)
[2015.12.11-03.08.51:115][402]LogModuleManager: Shutting down and abandoning module GammaUI (134)
[2015.12.11-03.08.51:129][402]LogModuleManager: Shutting down and abandoning module Documentation (133)
[2015.12.11-03.08.51:129][402]LogModuleManager: Shutting down and abandoning module GameLiveStreaming (132)
[2015.12.11-03.08.51:129][402]LogModuleManager: Shutting down and abandoning module StreamingPauseRendering (131)
[2015.12.11-03.08.51:130][402]LogModuleManager: Shutting down and abandoning module AnalyticsET (130)
[2015.12.11-03.08.51:130][402]LogModuleManager: Shutting down and abandoning module Analytics (129)
[2015.12.11-03.08.51:130][402]LogModuleManager: Shutting down and abandoning module AITestSuite (128)
[2015.12.11-03.08.51:130][402]LogModuleManager: Shutting down and abandoning module GameplayDebugger (127)
[2015.12.11-03.08.51:130][402]LogModuleManager: Shutting down and abandoning module AIModule (126)
[2015.12.11-03.08.51:130][402]LogModuleManager: Shutting down and abandoning module ProfilerService (125)
[2015.12.11-03.08.51:276][402]LogModuleManager: Shutting down and abandoning module TaskGraph (124)
[2015.12.11-03.08.51:281][402]LogModuleManager: Shutting down and abandoning module SubstanceEditor (123)
[2015.12.11-03.08.51:292][402]LogModuleManager: Shutting down and abandoning module SlateRemote (122)
[2015.12.11-03.08.51:292][402]LogModuleManager: Shutting down and abandoning module SteamVRController (121)
[2015.12.11-03.08.51:292][402]LogModuleManager: Shutting down and abandoning module SteamVR (120)
[2015.12.11-03.08.51:292][402]LogModuleManager: Shutting down and abandoning module ProceduralMeshComponent (119)
[2015.12.11-03.08.51:292][402]LogModuleManager: Shutting down and abandoning module OculusLibrary (118)
[2015.12.11-03.08.51:292][402]LogModuleManager: Shutting down and abandoning module OculusInput (117)
[2015.12.11-03.08.51:292][402]LogModuleManager: Shutting down and abandoning module LeapMotionController (116)
[2015.12.11-03.08.51:352][402]LogModuleManager: Shutting down and abandoning module CustomMeshComponent (115)
[2015.12.11-03.08.51:352][402]LogModuleManager: Shutting down and abandoning module CableComponent (114)
[2015.12.11-03.08.51:352][402]LogModuleManager: Shutting down and abandoning module ArchVisCharacter (113)
[2015.12.11-03.08.51:352][402]LogModuleManager: Shutting down and abandoning module MessagingDebugger (112)
[2015.12.11-03.08.51:367][402]LogModuleManager: Shutting down and abandoning module MediaPlayerEditor (111)
[2015.12.11-03.08.51:381][402]LogModuleManager: Shutting down and abandoning module HTML5Networking (110)
[2015.12.11-03.08.51:381][402]LogModuleManager: Shutting down and abandoning module SpeedTreeImporter (109)
[2015.12.11-03.08.51:381][402]LogModuleManager: Shutting down and abandoning module PluginBrowser (108)
[2015.12.11-03.08.51:392][402]LogModuleManager: Shutting down and abandoning module EpicSurvey (107)
[2015.12.11-03.08.51:392][402]LogModuleManager: Shutting down and abandoning module DesktopPlatform (106)
[2015.12.11-03.08.51:392][402]LogModuleManager: Shutting down and abandoning module VisualStudioSourceCodeAccess (105)
[2015.12.11-03.08.51:392][402]LogModuleManager: Shutting down and abandoning module UObjectPlugin (104)
[2015.12.11-03.08.51:392][402]LogModuleManager: Shutting down and abandoning module SubversionSourceControl (103)
[2015.12.11-03.08.51:393][402]LogModuleManager: Shutting down and abandoning module PerforceSourceControl (102)
[2015.12.11-03.08.51:393][402]LogModuleManager: Shutting down and abandoning module SourceControl (101)
[2015.12.11-03.08.51:408][402]LogModuleManager: Shutting down and abandoning module GitSourceControl (100)
[2015.12.11-03.08.51:409][402]LogModuleManager: Shutting down and abandoning module LightPropagationVolumeEditor (99)
[2015.12.11-03.08.51:409][402]LogModuleManager: Shutting down and abandoning module PaperTiledImporter (98)
[2015.12.11-03.08.51:409][402]LogModuleManager: Shutting down and abandoning module PaperSpriteSheetImporter (97)
[2015.12.11-03.08.51:409][402]LogModuleManager: Shutting down and abandoning module MeshPaint (96)
[2015.12.11-03.08.51:409][402]LogModuleManager: Shutting down and abandoning module SlateReflector (95)
[2015.12.11-03.08.51:421][402]LogModuleManager: Shutting down and abandoning module HotReload (94)
[2015.12.11-03.08.51:422][402]LogModuleManager: Shutting down and abandoning module MainFrame (93)
[2015.12.11-03.08.51:422][402]LogModuleManager: Shutting down and abandoning module LevelEditor (92)
[2015.12.11-03.08.51:453][402]LogModuleManager: Shutting down and abandoning module ContentBrowser (91)
[2015.12.11-03.08.51:456][402]LogModuleManager: Shutting down and abandoning module Paper2DEditor (90)
[2015.12.11-03.08.51:473][402]LogModuleManager: Shutting down and abandoning module UdpMessaging (89)
[2015.12.11-03.08.51:574][402]LogModuleManager: Shutting down and abandoning module DirectoryWatcher (88)
[2015.12.11-03.08.51:576][402]LogModuleManager: Shutting down and abandoning module AssetRegistry (87)
[2015.12.11-03.08.51:697][402]LogModuleManager: Shutting down and abandoning module SubstanceCore (86)
[2015.12.11-03.08.51:705][402]LogModuleManager: Shutting down and abandoning module LightPropagationVolumeRuntime (85)
[2015.12.11-03.08.51:705][402]LogModuleManager: Shutting down and abandoning module Paper2D (84)
[2015.12.11-03.08.51:705][402]LogModuleManager: Shutting down and abandoning module WindowsMoviePlayer (83)
[2015.12.11-03.08.51:721][402]LogModuleManager: Shutting down and abandoning module Media (82)
[2015.12.11-03.08.51:721][402]LogModuleManager: Shutting down and abandoning module WmfMedia (81)
[2015.12.11-03.08.51:721][402]LogModuleManager: Shutting down and abandoning module OnlineBlueprintSupport (80)
[2015.12.11-03.08.51:721][402]LogModuleManager: Shutting down and abandoning module GameplayTasksEditor (79)
[2015.12.11-03.08.51:721][402]LogModuleManager: Shutting down and abandoning module PropertyEditor (78)
[2015.12.11-03.08.51:722][402]LogModuleManager: Shutting down and abandoning module BehaviorTreeEditor (77)
[2015.12.11-03.08.51:742][402]LogModuleManager: Shutting down and abandoning module FunctionalTesting (76)
[2015.12.11-03.08.51:742][402]LogModuleManager: Shutting down and abandoning module CollisionAnalyzer (75)
[2015.12.11-03.08.51:742][402]LogModuleManager: Shutting down and abandoning module WorkspaceMenuStructure (74)
[2015.12.11-03.08.51:742][402]LogModuleManager: Shutting down and abandoning module MessageLog (73)
[2015.12.11-03.08.51:742][402]LogModuleManager: Shutting down and abandoning module Sequencer (72)
[2015.12.11-03.08.51:747][402]LogModuleManager: Shutting down and abandoning module AssetTools (71)
[2015.12.11-03.08.51:768][402]LogModuleManager: Shutting down and abandoning module UMGEditor (70)
[2015.12.11-03.08.51:797][402]LogModuleManager: Shutting down and abandoning module UMG (69)
[2015.12.11-03.08.51:815][402]LogModuleManager: Shutting down and abandoning module Slate (68)
[2015.12.11-03.08.51:815][402]LogModuleManager: Shutting down and abandoning module EditorStyle (67)
[2015.12.11-03.08.51:827][402]LogModuleManager: Shutting down and abandoning module SessionServices (66)
[2015.12.11-03.08.51:827][402]LogModuleManager: Shutting down and abandoning module SourceCodeAccess (65)
[2015.12.11-03.08.51:827][402]LogModuleManager: Shutting down and abandoning module HeadMountedDisplay (64)
[2015.12.11-03.08.51:827][402]LogModuleManager: Shutting down and abandoning module XAudio2 (63)
[2015.12.11-03.08.51:827][402]LogModuleManager: Shutting down and abandoning module Networking (61)
[2015.12.11-03.08.51:827][402]LogModuleManager: Shutting down and abandoning module Core (60)
[2015.12.11-03.08.51:827][402]LogModuleManager: Shutting down and abandoning module KismetCompiler (59)
[2015.12.11-03.08.51:827][402]LogModuleManager: Shutting down and abandoning module PhysXFormats (58)
[2015.12.11-03.08.51:827][402]LogModuleManager: Shutting down and abandoning module MeshUtilities (57)
[2015.12.11-03.08.51:827][402]LogModuleManager: Shutting down and abandoning module DerivedDataCache (56)
[2015.12.11-03.08.51:834][402]LogDerivedDataCache: Shutdown
[2015.12.11-03.08.51:834][402]LogModuleManager: Shutting down and abandoning module ShaderFormatOpenGL (55)
[2015.12.11-03.08.51:854][402]LogModuleManager: Shutting down and abandoning module ShaderFormatD3D (54)
[2015.12.11-03.08.51:855][402]LogModuleManager: Shutting down and abandoning module MetalShaderFormat (53)
[2015.12.11-03.08.51:865][402]LogModuleManager: Shutting down and abandoning module TextureFormatUncompressed (52)
[2015.12.11-03.08.51:865][402]LogModuleManager: Shutting down and abandoning module TextureFormatPVR (51)
[2015.12.11-03.08.51:865][402]LogModuleManager: Shutting down and abandoning module TextureFormatIntelISPCTexComp (50)
[2015.12.11-03.08.51:865][402]LogModuleManager: Shutting down and abandoning module TextureFormatDXT (49)
[2015.12.11-03.08.51:865][402]LogModuleManager: Shutting down and abandoning module ImageWrapper (48)
[2015.12.11-03.08.51:865][402]LogModuleManager: Shutting down and abandoning module TextureFormatASTC (47)
[2015.12.11-03.08.51:865][402]LogModuleManager: Shutting down and abandoning module TextureFormatAndroid (46)
[2015.12.11-03.08.51:865][402]LogModuleManager: Shutting down and abandoning module AudioFormatOpus (45)
[2015.12.11-03.08.51:866][402]LogModuleManager: Shutting down and abandoning module AudioFormatOgg (44)
[2015.12.11-03.08.51:866][402]LogModuleManager: Shutting down and abandoning module AudioFormatADPCM (43)
[2015.12.11-03.08.51:866][402]LogModuleManager: Shutting down and abandoning module LinuxTargetPlatform (42)
[2015.12.11-03.08.51:866][402]LogModuleManager: Shutting down and abandoning module LinuxServerTargetPlatform (41)
[2015.12.11-03.08.51:866][402]LogModuleManager: Shutting down and abandoning module LinuxNoEditorTargetPlatform (40)
[2015.12.11-03.08.51:866][402]LogModuleManager: Shutting down and abandoning module Messaging (39)
[2015.12.11-03.08.51:866][402]LogModuleManager: Shutting down and abandoning module IOSTargetPlatform (38)
[2015.12.11-03.08.51:866][402]LogModuleManager: Shutting down and abandoning module HTML5TargetPlatform (37)
[2015.12.11-03.08.51:866][402]LogModuleManager: Shutting down and abandoning module Android_PVRTCTargetPlatform (36)
[2015.12.11-03.08.51:866][402]LogModuleManager: Shutting down and abandoning module Android_MultiTargetPlatform (35)
[2015.12.11-03.08.51:866][402]LogModuleManager: Shutting down and abandoning module Android_ETC2TargetPlatform (34)
[2015.12.11-03.08.51:866][402]LogModuleManager: Shutting down and abandoning module Android_ETC1TargetPlatform (33)
[2015.12.11-03.08.51:866][402]LogModuleManager: Shutting down and abandoning module Android_DXTTargetPlatform (32)
[2015.12.11-03.08.51:866][402]LogModuleManager: Shutting down and abandoning module Android_ATCTargetPlatform (31)
[2015.12.11-03.08.51:866][402]LogModuleManager: Shutting down and abandoning module Android_ASTCTargetPlatform (30)
[2015.12.11-03.08.51:866][402]LogModuleManager: Shutting down and abandoning module AndroidTargetPlatform (29)
[2015.12.11-03.08.51:866][402]LogModuleManager: Shutting down and abandoning module WindowsTargetPlatform (28)
[2015.12.11-03.08.51:866][402]LogModuleManager: Shutting down and abandoning module WindowsServerTargetPlatform (27)
[2015.12.11-03.08.51:866][402]LogModuleManager: Shutting down and abandoning module WindowsNoEditorTargetPlatform (26)
[2015.12.11-03.08.51:866][402]LogModuleManager: Shutting down and abandoning module WindowsClientTargetPlatform (25)
[2015.12.11-03.08.51:866][402]LogModuleManager: Shutting down and abandoning module AllDesktopTargetPlatform (24)
[2015.12.11-03.08.51:866][402]LogModuleManager: Shutting down and abandoning module TargetPlatform (23)
[2015.12.11-03.08.51:866][402]LogModuleManager: Shutting down and abandoning module InputCore (22)
[2015.12.11-03.08.51:867][402]LogModuleManager: Shutting down and abandoning module Settings (21)
[2015.12.11-03.08.51:867][402]LogModuleManager: Shutting down and abandoning module OnlineSubsystem (19)
[2015.12.11-03.08.51:867][402]LogModuleManager: Shutting down and abandoning module HTTP (18)
[2015.12.11-03.08.52:868][402]LogModuleManager: Shutting down and abandoning module XMPP (17)
[2015.12.11-03.08.52:896][402]LogModuleManager: Shutting down and abandoning module OculusRift (16)
[2015.12.11-03.08.52:908][402]LogModuleManager: Shutting down and abandoning module ExampleDeviceProfileSelector (15)
[2015.12.11-03.08.52:908][402]LogModuleManager: Shutting down and abandoning module TextureCompressor (14)
[2015.12.11-03.08.52:908][402]LogModuleManager: Shutting down and abandoning module ShaderCore (13)
[2015.12.11-03.08.52:908][402]LogModuleManager: Shutting down and abandoning module Landscape (12)
[2015.12.11-03.08.52:908][402]LogModuleManager: Shutting down and abandoning module SlateRHIRenderer (11)
[2015.12.11-03.08.52:910][402]LogModuleManager: Shutting down and abandoning module OpenGLDrv (10)
[2015.12.11-03.08.52:924][402]LogModuleManager: Shutting down and abandoning module D3D11RHI (9)
[2015.12.11-03.08.52:924][402]LogModuleManager: Shutting down and abandoning module AnimGraphRuntime (8)
[2015.12.11-03.08.52:937][402]LogModuleManager: Shutting down and abandoning module Renderer (7)
[2015.12.11-03.08.52:937][402]LogModuleManager: Shutting down and abandoning module Engine (6)
[2015.12.11-03.08.52:937][402]LogModuleManager: Shutting down and abandoning module CoreUObject (5)
[2015.12.11-03.08.52:937][402]LogModuleManager: Shutting down and abandoning module NetworkFile (4)
[2015.12.11-03.08.52:948][402]LogModuleManager: Shutting down and abandoning module StreamingFile (3)
[2015.12.11-03.08.52:948][402]LogModuleManager: Shutting down and abandoning module SandboxFile (2)
[2015.12.11-03.08.52:948][402]LogModuleManager: Shutting down and abandoning module PakFile (1)
[2015.12.11-03.08.52:964][402]LogExit: Exiting.
[2015.12.11-03.08.52:968][402]Log file closed, 12/10/15 20:08:52
